# JRE version: Java(TM) SE Runtime Environment (8.0_201-b09) (build 1.8.0_201-b09)
# Java VM: Java HotSpot(TM) 64-Bit Server VM (25.201-b09 mixed mode windows-amd64 compressed oops)
Heap:
 PSYoungGen      total 160768K, used 37097K [0x000000076b200000, 0x0000000779700000, 0x00000007c0000000)
  eden space 147968K, 25% used [0x000000076b200000,0x000000076d63a5f8,0x0000000774280000)
  from space 12800K, 0% used [0x0000000774e80000,0x0000000774e80000,0x0000000775b00000)
  to   space 12288K, 0% used [0x0000000774280000,0x0000000774280000,0x0000000774e80000)
 ParOldGen       total 102912K, used 13985K [0x00000006c1600000, 0x00000006c7a80000, 0x000000076b200000)
  object space 102912K, 13% used [0x00000006c1600000,0x00000006c23a8768,0x00000006c7a80000)
 Metaspace       used 34590K, capacity 36970K, committed 37208K, reserved 1081344K
  class space    used 4454K, capacity 4869K, committed 4952K, reserved 1048576K
GC Heap History (10 events):
Event: 1.786 GC heap before
{Heap before GC invocations=4 (full 1):
 PSYoungGen      total 76288K, used 8248K [0x000000076b200000, 0x0000000774700000, 0x00000007c0000000)
  eden space 65536K, 0% used [0x000000076b200000,0x000000076b200000,0x000000076f200000)
  from space 10752K, 76% used [0x000000076f200000,0x000000076fa0e0e8,0x000000076fc80000)
  to   space 10752K, 0% used [0x0000000773c80000,0x0000000773c80000,0x0000000774700000)
 ParOldGen       total 175104K, used 40K [0x00000006c1600000, 0x00000006cc100000, 0x000000076b200000)
  object space 175104K, 0% used [0x00000006c1600000,0x00000006c160a000,0x00000006cc100000)
 Metaspace       used 20276K, capacity 21180K, committed 21248K, reserved 1067008K
  class space    used 2533K, capacity 2756K, committed 2816K, reserved 1048576K
Event: 1.807 GC heap after
Heap after GC invocations=4 (full 1):
 PSYoungGen      total 76288K, used 0K [0x000000076b200000, 0x0000000774700000, 0x00000007c0000000)
  eden space 65536K, 0% used [0x000000076b200000,0x000000076b200000,0x000000076f200000)
  from space 10752K, 0% used [0x000000076f200000,0x000000076f200000,0x000000076fc80000)
  to   space 10752K, 0% used [0x0000000773c80000,0x0000000773c80000,0x0000000774700000)
 ParOldGen       total 102912K, used 8027K [0x00000006c1600000, 0x00000006c7a80000, 0x000000076b200000)
  object space 102912K, 7% used [0x00000006c1600000,0x00000006c1dd6c20,0x00000006c7a80000)
 Metaspace       used 20276K, capacity 21180K, committed 21248K, reserved 1067008K
  class space    used 2533K, capacity 2756K, committed 2816K, reserved 1048576K
}
Event: 2.524 GC heap before
{Heap before GC invocations=5 (full 1):
 PSYoungGen      total 76288K, used 65536K [0x000000076b200000, 0x0000000774700000, 0x00000007c0000000)
  eden space 65536K, 100% used [0x000000076b200000,0x000000076f200000,0x000000076f200000)
  from space 10752K, 0% used [0x000000076f200000,0x000000076f200000,0x000000076fc80000)
  to   space 10752K, 0% used [0x0000000773c80000,0x0000000773c80000,0x0000000774700000)
 ParOldGen       total 102912K, used 8027K [0x00000006c1600000, 0x00000006c7a80000, 0x000000076b200000)
  object space 102912K, 7% used [0x00000006c1600000,0x00000006c1dd6c20,0x00000006c7a80000)
 Metaspace       used 25396K, capacity 27044K, committed 27136K, reserved 1073152K
  class space    used 3257K, capacity 3582K, committed 3584K, reserved 1048576K
Event: 2.528 GC heap after
Heap after GC invocations=5 (full 1):
 PSYoungGen      total 105984K, used 6600K [0x000000076b200000, 0x0000000774300000, 0x00000007c0000000)
  eden space 99328K, 0% used [0x000000076b200000,0x000000076b200000,0x0000000771300000)
  from space 6656K, 99% used [0x0000000773c80000,0x00000007742f23f8,0x0000000774300000)
  to   space 10752K, 0% used [0x0000000772e00000,0x0000000772e00000,0x0000000773880000)
 ParOldGen       total 102912K, used 8035K [0x00000006c1600000, 0x00000006c7a80000, 0x000000076b200000)
  object space 102912K, 7% used [0x00000006c1600000,0x00000006c1dd8c20,0x00000006c7a80000)
 Metaspace       used 25396K, capacity 27044K, committed 27136K, reserved 1073152K
  class space    used 3257K, capacity 3582K, committed 3584K, reserved 1048576K
}
Event: 3.458 GC heap before
{Heap before GC invocations=6 (full 1):
 PSYoungGen      total 105984K, used 105928K [0x000000076b200000, 0x0000000774300000, 0x00000007c0000000)
  eden space 99328K, 100% used [0x000000076b200000,0x0000000771300000,0x0000000771300000)
  from space 6656K, 99% used [0x0000000773c80000,0x00000007742f23f8,0x0000000774300000)
  to   space 10752K, 0% used [0x0000000772e00000,0x0000000772e00000,0x0000000773880000)
 ParOldGen       total 102912K, used 8035K [0x00000006c1600000, 0x00000006c7a80000, 0x000000076b200000)
  object space 102912K, 7% used [0x00000006c1600000,0x00000006c1dd8c20,0x00000006c7a80000)
 Metaspace       used 32602K, capacity 34728K, committed 34816K, reserved 1079296K
  class space    used 4139K, capacity 4526K, committed 4608K, reserved 1048576K
Event: 3.463 GC heap after
Heap after GC invocations=6 (full 1):
 PSYoungGen      total 137728K, used 10736K [0x000000076b200000, 0x0000000775b00000, 0x00000007c0000000)
  eden space 126976K, 0% used [0x000000076b200000,0x000000076b200000,0x0000000772e00000)
  from space 10752K, 99% used [0x0000000772e00000,0x000000077387c068,0x0000000773880000)
  to   space 12800K, 0% used [0x0000000774e80000,0x0000000774e80000,0x0000000775b00000)
 ParOldGen       total 102912K, used 8862K [0x00000006c1600000, 0x00000006c7a80000, 0x000000076b200000)
  object space 102912K, 8% used [0x00000006c1600000,0x00000006c1ea7a08,0x00000006c7a80000)
 Metaspace       used 32602K, capacity 34728K, committed 34816K, reserved 1079296K
  class space    used 4139K, capacity 4526K, committed 4608K, reserved 1048576K
}
Event: 3.536 GC heap before
{Heap before GC invocations=7 (full 1):
 PSYoungGen      total 137728K, used 24713K [0x000000076b200000, 0x0000000775b00000, 0x00000007c0000000)
  eden space 126976K, 11% used [0x000000076b200000,0x000000076bfa6640,0x0000000772e00000)
  from space 10752K, 99% used [0x0000000772e00000,0x000000077387c068,0x0000000773880000)
  to   space 12800K, 0% used [0x0000000774e80000,0x0000000774e80000,0x0000000775b00000)
 ParOldGen       total 102912K, used 8862K [0x00000006c1600000, 0x00000006c7a80000, 0x000000076b200000)
  object space 102912K, 8% used [0x00000006c1600000,0x00000006c1ea7a08,0x00000006c7a80000)
 Metaspace       used 33190K, capacity 35326K, committed 35416K, reserved 1079296K
  class space    used 4217K, capacity 4631K, committed 4696K, reserved 1048576K
Event: 3.540 GC heap after
Heap after GC invocations=7 (full 1):
 PSYoungGen      total 160768K, used 8510K [0x000000076b200000, 0x0000000779700000, 0x00000007c0000000)
  eden space 147968K, 0% used [0x000000076b200000,0x000000076b200000,0x0000000774280000)
  from space 12800K, 66% used [0x0000000774e80000,0x00000007756cf980,0x0000000775b00000)
  to   space 12288K, 0% used [0x0000000774280000,0x0000000774280000,0x0000000774e80000)
 ParOldGen       total 102912K, used 8870K [0x00000006c1600000, 0x00000006c7a80000, 0x000000076b200000)
  object space 102912K, 8% used [0x00000006c1600000,0x00000006c1ea9a08,0x00000006c7a80000)
 Metaspace       used 33190K, capacity 35326K, committed 35416K, reserved 1079296K
  class space    used 4217K, capacity 4631K, committed 4696K, reserved 1048576K
}
Event: 3.540 GC heap before
{Heap before GC invocations=8 (full 2):
 PSYoungGen      total 160768K, used 8510K [0x000000076b200000, 0x0000000779700000, 0x00000007c0000000)
  eden space 147968K, 0% used [0x000000076b200000,0x000000076b200000,0x0000000774280000)
  from space 12800K, 66% used [0x0000000774e80000,0x00000007756cf980,0x0000000775b00000)
  to   space 12288K, 0% used [0x0000000774280000,0x0000000774280000,0x0000000774e80000)
 ParOldGen       total 102912K, used 8870K [0x00000006c1600000, 0x00000006c7a80000, 0x000000076b200000)
  object space 102912K, 8% used [0x00000006c1600000,0x00000006c1ea9a08,0x00000006c7a80000)
 Metaspace       used 33190K, capacity 35326K, committed 35416K, reserved 1079296K
  class space    used 4217K, capacity 4631K, committed 4696K, reserved 1048576K
Event: 3.578 GC heap after
Heap after GC invocations=8 (full 2):
 PSYoungGen      total 160768K, used 0K [0x000000076b200000, 0x0000000779700000, 0x00000007c0000000)
  eden space 147968K, 0% used [0x000000076b200000,0x000000076b200000,0x0000000774280000)
  from space 12800K, 0% used [0x0000000774e80000,0x0000000774e80000,0x0000000775b00000)
  to   space 12288K, 0% used [0x0000000774280000,0x0000000774280000,0x0000000774e80000)
 ParOldGen       total 102912K, used 13985K [0x00000006c1600000, 0x00000006c7a80000, 0x000000076b200000)
  object space 102912K, 13% used [0x00000006c1600000,0x00000006c23a8768,0x00000006c7a80000)
 Metaspace       used 33190K, capacity 35326K, committed 35416K, reserved 1079296K
  class space    used 4217K, capacity 4631K, committed 4696K, reserved 1048576K
}

